0 info it worked if it ends with ok
1 verbose cli [ '/Users/sairasaddique/.nvm/versions/node/v7.6.0/bin/node',
1 verbose cli   '/Users/sairasaddique/.nvm/versions/node/v7.6.0/bin/npm',
1 verbose cli   'run',
1 verbose cli   'api-test' ]
2 info using npm@4.1.2
3 info using node@v7.6.0
4 verbose run-script [ 'preapi-test', 'api-test', 'postapi-test' ]
5 info lifecycle lets-get-lunch-api@1.0.0~preapi-test: lets-get-lunch-api@1.0.0
6 silly lifecycle lets-get-lunch-api@1.0.0~preapi-test: no script for preapi-test, continuing
7 info lifecycle lets-get-lunch-api@1.0.0~api-test: lets-get-lunch-api@1.0.0
8 verbose lifecycle lets-get-lunch-api@1.0.0~api-test: unsafe-perm in lifecycle true
9 verbose lifecycle lets-get-lunch-api@1.0.0~api-test: PATH: /Users/sairasaddique/.nvm/versions/node/v7.6.0/lib/node_modules/npm/bin/node-gyp-bin:/Users/sairasaddique/Documents/The_Angular_Tutorial/docker_setup/lets-get-lunch-api/node_modules/.bin:/Users/sairasaddique/.nvm/versions/node/v7.6.0/bin:/usr/local/bin:/usr/bin:/bin:/usr/sbin:/sbin:/usr/local/share/dotnet:~/.dotnet/tools:/Library/Apple/usr/bin:/Library/Frameworks/Mono.framework/Versions/Current/Commands
10 verbose lifecycle lets-get-lunch-api@1.0.0~api-test: CWD: /Users/sairasaddique/Documents/The_Angular_Tutorial/docker_setup/lets-get-lunch-api
11 silly lifecycle lets-get-lunch-api@1.0.0~api-test: Args: [ '-c', 'cross-env NODE_ENV=test nodemon built/index.js' ]
12 info lifecycle lets-get-lunch-api@1.0.0~api-test: Failed to exec api-test script
13 verbose stack Error: lets-get-lunch-api@1.0.0 api-test: `cross-env NODE_ENV=test nodemon built/index.js`
13 verbose stack spawn ENOENT
13 verbose stack     at ChildProcess.<anonymous> (/Users/sairasaddique/.nvm/versions/node/v7.6.0/lib/node_modules/npm/lib/utils/spawn.js:33:16)
13 verbose stack     at emitTwo (events.js:106:13)
13 verbose stack     at ChildProcess.emit (events.js:192:7)
13 verbose stack     at maybeClose (internal/child_process.js:890:16)
13 verbose stack     at Process.ChildProcess._handle.onexit (internal/child_process.js:226:5)
14 verbose pkgid lets-get-lunch-api@1.0.0
15 verbose cwd /Users/sairasaddique/Documents/The_Angular_Tutorial/docker_setup/lets-get-lunch-api
16 error Darwin 19.6.0
17 error argv "/Users/sairasaddique/.nvm/versions/node/v7.6.0/bin/node" "/Users/sairasaddique/.nvm/versions/node/v7.6.0/bin/npm" "run" "api-test"
18 error node v7.6.0
19 error npm  v4.1.2
20 error file sh
21 error code ELIFECYCLE
22 error errno ENOENT
23 error syscall spawn
24 error lets-get-lunch-api@1.0.0 api-test: `cross-env NODE_ENV=test nodemon built/index.js`
24 error spawn ENOENT
25 error Failed at the lets-get-lunch-api@1.0.0 api-test script 'cross-env NODE_ENV=test nodemon built/index.js'.
25 error Make sure you have the latest version of node.js and npm installed.
25 error If you do, this is most likely a problem with the lets-get-lunch-api package,
25 error not with npm itself.
25 error Tell the author that this fails on your system:
25 error     cross-env NODE_ENV=test nodemon built/index.js
25 error You can get information on how to open an issue for this project with:
25 error     npm bugs lets-get-lunch-api
25 error Or if that isn't available, you can get their info via:
25 error     npm owner ls lets-get-lunch-api
25 error There is likely additional logging output above.
26 verbose exit [ 1, true ]
